2024-07-10 18:04:44.054699
Incorrect email or password
---------------------------------------------------------
2024-07-10 18:09:24.318197
100 not found
---------------------------------------------------------
2024-07-10 18:09:30.057563
100 not found
---------------------------------------------------------
2024-07-10 18:09:32.695233
100 not found
--------------------------------------------------------
2024-07-10 18:09:37.048095
100 not found
---------------------------------------------------------
2024-07-10 18:11:00.543364
200 not found
---------------------------------------------------------
2024-07-10 18:21:57.197933
1000 not found
User Id : 9, User Email : chook@gmail.com
---------------------------------------------------------
2024-07-10 18:52:48.753631
1000 not found
User Id : 9, User Email : chook@gmail.com
---------------------------------------------------------
2024-07-10 18:58:03.301145
1000 not found
User Id : 9, User Email : chook@gmail.com
---------------------------------------------------------
2024-07-10 18:59:19.965465
1000 not found
User Id : 9, User Email : chook@gmail.com
---------------------------------------------------------
2024-07-10 19:01:12.354520
1000 not found
User Id : 9, User Email : chook@gmail.com
---------------------------------------------------------
